{"client_ip":"::1","latency_time":513700,"level":"info","msg":"","req_method":"POST","req_uri":"/v2/addOrder","status_code":200,"time":"2023-05-19 11:08:31"}
{"client_ip":"::1","latency_time":519500,"level":"info","msg":"","req_method":"POST","req_uri":"/v2/addOrder","status_code":200,"time":"2023-05-19 11:14:09"}
{"client_ip":"::1","latency_time":0,"level":"info","msg":"","req_method":"POST","req_uri":"/v2/addOrder","status_code":200,"time":"2023-05-19 11:14:48"}
{"client_ip":"::1","latency_time":389400,"level":"info","msg":"","req_method":"POST","req_uri":"/v2/addOrder","status_code":200,"time":"2023-05-19 11:19:57"}
time="2023-05-19T11:19:57+08:00" level=info client_ip="::1" latency_time="389.4µs" req_method=POST req_uri=/v2/addOrder status_code=200
{"client_ip":"::1","latency_time":0,"level":"info","msg":"","req_method":"POST","req_uri":"/v2/addOrder","status_code":200,"time":"2023-05-19 11:20:52"}
time="2023-05-19T11:20:52+08:00" level=info client_ip="::1" latency_time=0s req_method=POST req_uri=/v2/addOrder status_code=200
{"client_ip":"::1","latency_time":75700,"level":"info","msg":"","req_method":"GET","req_uri":"/v1/userLogin?name=wxb\u0026password=123456","status_code":200,"time":"2023-05-19 11:23:22"}
time="2023-05-19T11:23:22+08:00" level=info client_ip="::1" latency_time="75.7µs" req_method=GET req_uri="/v1/userLogin?name=wxb&password=123456" status_code=200
{"client_ip":"::1","latency_time":0,"level":"info","msg":"","req_method":"GET","req_uri":"/favicon.ico","status_code":404,"time":"2023-05-19 11:23:22"}
time="2023-05-19T11:23:22+08:00" level=info client_ip="::1" latency_time=0s req_method=GET req_uri=/favicon.ico status_code=404
{"client_ip":"::1","latency_time":12811200,"level":"info","msg":"","req_method":"GET","req_uri":"/v1/userLogin?name=wxb\u0026password=123456","status_code":200,"time":"2023-05-19 15:43:48"}
time="2023-05-19T15:43:48+08:00" level=info client_ip="::1" latency_time=12.8112ms req_method=GET req_uri="/v1/userLogin?name=wxb&password=123456" status_code=200
{"client_ip":"::1","latency_time":1274400,"level":"info","msg":"","req_method":"GET","req_uri":"/v1/userLogin?name=wxb\u0026password=123456","status_code":200,"time":"2023-05-19 15:51:51"}
time="2023-05-19T15:51:51+08:00" level=info client_ip="::1" latency_time=1.2744ms req_method=GET req_uri="/v1/userLogin?name=wxb&password=123456" status_code=200
{"client_ip":"::1","latency_time":1060200,"level":"info","msg":"","req_method":"GET","req_uri":"/v1/userLogin?name=wxb\u0026password=123456","status_code":200,"time":"2023-05-19 15:52:14"}
time="2023-05-19T15:52:14+08:00" level=info client_ip="::1" latency_time=1.0602ms req_method=GET req_uri="/v1/userLogin?name=wxb&password=123456" status_code=200
{"client_ip":"::1","latency_time":1562400,"level":"info","msg":"","req_method":"GET","req_uri":"/v1/userLogin?name=wxb\u0026password=123456","status_code":200,"time":"2023-05-19 15:56:25"}
time="2023-05-19T15:56:25+08:00" level=info client_ip="::1" latency_time=1.5624ms req_method=GET req_uri="/v1/userLogin?name=wxb&password=123456" status_code=200
{"client_ip":"::1","latency_time":988000,"level":"info","msg":"","req_method":"GET","req_uri":"/v1/userLogin?name=wxb\u0026password=123456","status_code":200,"time":"2023-05-19 15:58:15"}
time="2023-05-19T15:58:15+08:00" level=info client_ip="::1" latency_time="988µs" req_method=GET req_uri="/v1/userLogin?name=wxb&password=123456" status_code=200
{"client_ip":"::1","latency_time":2029300,"level":"info","msg":"","req_method":"GET","req_uri":"/v1/userLogin?name=wxb\u0026password=123456","status_code":200,"time":"2023-05-19 15:58:42"}
time="2023-05-19T15:58:42+08:00" level=info client_ip="::1" latency_time=2.0293ms req_method=GET req_uri="/v1/userLogin?name=wxb&password=123456" status_code=200
{"client_ip":"::1","latency_time":703700,"level":"info","msg":"","req_method":"GET","req_uri":"/v1/userLogin?name=wxb\u0026password=123456","status_code":200,"time":"2023-05-19 16:01:57"}
time="2023-05-19T16:01:57+08:00" level=info client_ip="::1" latency_time="703.7µs" req_method=GET req_uri="/v1/userLogin?name=wxb&password=123456" status_code=200
{"client_ip":"::1","latency_time":842600,"level":"info","msg":"","req_method":"GET","req_uri":"/v1/userLogin?name=wxb\u0026password=1234567","status_code":200,"time":"2023-05-19 16:02:26"}
time="2023-05-19T16:02:26+08:00" level=info client_ip="::1" latency_time="842.6µs" req_method=GET req_uri="/v1/userLogin?name=wxb&password=1234567" status_code=200
{"client_ip":"::1","latency_time":633700,"level":"info","msg":"","req_method":"GET","req_uri":"/v1/userLogin?name=wxb\u0026password=123456","status_code":200,"time":"2023-05-19 16:02:32"}
time="2023-05-19T16:02:32+08:00" level=info client_ip="::1" latency_time="633.7µs" req_method=GET req_uri="/v1/userLogin?name=wxb&password=123456" status_code=200
{"client_ip":"::1","latency_time":757700,"level":"info","msg":"","req_method":"GET","req_uri":"/v1/userLogin?name=wxb\u0026password=123456","status_code":200,"time":"2023-05-19 16:03:06"}
time="2023-05-19T16:03:06+08:00" level=info client_ip="::1" latency_time="757.7µs" req_method=GET req_uri="/v1/userLogin?name=wxb&password=123456" status_code=200
{"client_ip":"::1","latency_time":581200,"level":"info","msg":"","req_method":"GET","req_uri":"/v1/userLogin?name=wxb\u0026password=123456","status_code":200,"time":"2023-05-19 16:05:36"}
time="2023-05-19T16:05:36+08:00" level=info client_ip="::1" latency_time="581.2µs" req_method=GET req_uri="/v1/userLogin?name=wxb&password=123456" status_code=200
{"client_ip":"::1","latency_time":122900,"level":"info","msg":"","req_method":"GET","req_uri":"/v1/userLogin?name=wxb\u0026password=123456","status_code":200,"time":"2023-05-19 16:05:42"}
time="2023-05-19T16:05:42+08:00" level=info client_ip="::1" latency_time="122.9µs" req_method=GET req_uri="/v1/userLogin?name=wxb&password=123456" status_code=200
{"client_ip":"::1","latency_time":995700,"level":"info","msg":"","req_method":"GET","req_uri":"/v1/userLogin?name=wxb\u0026password=123456","status_code":200,"time":"2023-05-19 16:12:33"}
time="2023-05-19T16:12:33+08:00" level=info client_ip="::1" latency_time="995.7µs" req_method=GET req_uri="/v1/userLogin?name=wxb&password=123456" status_code=200
{"client_ip":"::1","latency_time":1081400,"level":"info","msg":"","req_method":"GET","req_uri":"/v1/userLogin?name=wxb\u0026password=123456","status_code":200,"time":"2023-05-19 16:13:10"}
time="2023-05-19T16:13:10+08:00" level=info client_ip="::1" latency_time=1.0814ms req_method=GET req_uri="/v1/userLogin?name=wxb&password=123456" status_code=200
{"client_ip":"::1","latency_time":1119400,"level":"info","msg":"","req_method":"GET","req_uri":"/v1/userLogin?name=wxb\u0026password=123456","status_code":200,"time":"2023-05-19 16:13:15"}
time="2023-05-19T16:13:15+08:00" level=info client_ip="::1" latency_time=1.1194ms req_method=GET req_uri="/v1/userLogin?name=wxb&password=123456" status_code=200
{"client_ip":"::1","latency_time":1527000,"level":"info","msg":"","req_method":"GET","req_uri":"/v1/userLogin?name=wxb\u0026password=123456","status_code":200,"time":"2023-05-19 16:14:07"}
time="2023-05-19T16:14:07+08:00" level=info client_ip="::1" latency_time=1.527ms req_method=GET req_uri="/v1/userLogin?name=wxb&password=123456" status_code=200
{"client_ip":"::1","latency_time":2092400,"level":"info","msg":"","req_method":"GET","req_uri":"/v1/userLogin?name=wxb\u0026password=123456","status_code":200,"time":"2023-05-19 16:15:33"}
time="2023-05-19T16:15:33+08:00" level=info client_ip="::1" latency_time=2.0924ms req_method=GET req_uri="/v1/userLogin?name=wxb&password=123456" status_code=200
{"client_ip":"::1","latency_time":663800,"level":"info","msg":"","req_method":"GET","req_uri":"/v1/userLogin?name=wxb\u0026password=1234561","status_code":200,"time":"2023-05-19 16:15:38"}
time="2023-05-19T16:15:38+08:00" level=info client_ip="::1" latency_time="663.8µs" req_method=GET req_uri="/v1/userLogin?name=wxb&password=1234561" status_code=200
{"client_ip":"::1","latency_time":1017600,"level":"info","msg":"","req_method":"GET","req_uri":"/v1/userLogin?name=wxb\u0026password=123456","status_code":200,"time":"2023-05-19 16:16:20"}
time="2023-05-19T16:16:20+08:00" level=info client_ip="::1" latency_time=1.0176ms req_method=GET req_uri="/v1/userLogin?name=wxb&password=123456" status_code=200
{"client_ip":"::1","latency_time":686900,"level":"info","msg":"","req_method":"GET","req_uri":"/v1/userLogin?name=wxb\u0026password=123456","status_code":200,"time":"2023-05-19 16:16:38"}
time="2023-05-19T16:16:38+08:00" level=info client_ip="::1" latency_time="686.9µs" req_method=GET req_uri="/v1/userLogin?name=wxb&password=123456" status_code=200
{"client_ip":"::1","latency_time":378100,"level":"info","msg":"","req_method":"GET","req_uri":"/v1/userLogin?name=wxb\u0026password=123456","status_code":200,"time":"2023-05-19 16:18:03"}
time="2023-05-19T16:18:03+08:00" level=info client_ip="::1" latency_time="378.1µs" req_method=GET req_uri="/v1/userLogin?name=wxb&password=123456" status_code=200
{"client_ip":"::1","latency_time":657100,"level":"info","msg":"","req_method":"GET","req_uri":"/v1/userLogin?name=wxb\u0026password=123456","status_code":200,"time":"2023-05-19 16:18:21"}
time="2023-05-19T16:18:21+08:00" level=info client_ip="::1" latency_time="657.1µs" req_method=GET req_uri="/v1/userLogin?name=wxb&password=123456" status_code=200
{"client_ip":"::1","latency_time":1571100,"level":"info","msg":"","req_method":"GET","req_uri":"/v1/userLogin?name=wxb\u0026password=123456","status_code":200,"time":"2023-05-19 16:18:46"}
time="2023-05-19T16:18:46+08:00" level=info client_ip="::1" latency_time=1.5711ms req_method=GET req_uri="/v1/userLogin?name=wxb&password=123456" status_code=200
{"client_ip":"::1","latency_time":1188200,"level":"info","msg":"","req_method":"GET","req_uri":"/v1/userLogin?name=wxb\u0026password=123456","status_code":200,"time":"2023-05-19 16:19:01"}
time="2023-05-19T16:19:01+08:00" level=info client_ip="::1" latency_time=1.1882ms req_method=GET req_uri="/v1/userLogin?name=wxb&password=123456" status_code=200
{"client_ip":"::1","latency_time":1004500,"level":"info","msg":"","req_method":"GET","req_uri":"/v1/userLogin?name=wxb\u0026password=1234561","status_code":200,"time":"2023-05-19 16:24:40"}
time="2023-05-19T16:24:40+08:00" level=info client_ip="::1" latency_time=1.0045ms req_method=GET req_uri="/v1/userLogin?name=wxb&password=1234561" status_code=200
{"client_ip":"::1","latency_time":1054400,"level":"info","msg":"","req_method":"GET","req_uri":"/v1/userLogin?name=wxb\u0026password=123456","status_code":200,"time":"2023-05-19 16:24:43"}
time="2023-05-19T16:24:43+08:00" level=info client_ip="::1" latency_time=1.0544ms req_method=GET req_uri="/v1/userLogin?name=wxb&password=123456" status_code=200
{"client_ip":"::1","latency_time":467900,"level":"info","msg":"","req_method":"GET","req_uri":"/v1/userRegister?name=www\u0026password=123456","status_code":200,"time":"2023-05-19 16:24:56"}
time="2023-05-19T16:24:56+08:00" level=info client_ip="::1" latency_time="467.9µs" req_method=GET req_uri="/v1/userRegister?name=www&password=123456" status_code=200
{"client_ip":"::1","latency_time":1326800,"level":"info","msg":"","req_method":"GET","req_uri":"/v1/userLogin?name=www\u0026password=123456","status_code":200,"time":"2023-05-19 16:25:02"}
time="2023-05-19T16:25:02+08:00" level=info client_ip="::1" latency_time=1.3268ms req_method=GET req_uri="/v1/userLogin?name=www&password=123456" status_code=200
{"client_ip":"::1","latency_time":757400,"level":"info","msg":"","req_method":"GET","req_uri":"/v1/userRegister?name=%E5%90%B4%E6%9D%B0%E8%B6%85\u0026password=123456","status_code":200,"time":"2023-05-19 16:27:42"}
time="2023-05-19T16:27:42+08:00" level=info client_ip="::1" latency_time="757.4µs" req_method=GET req_uri="/v1/userRegister?name=%E5%90%B4%E6%9D%B0%E8%B6%85&password=123456" status_code=200
{"client_ip":"::1","latency_time":1475000,"level":"info","msg":"","req_method":"GET","req_uri":"/v1/userLogin?name=%E5%90%B4%E6%9D%B0%E8%B6%85\u0026password=123456","status_code":200,"time":"2023-05-19 16:28:55"}
time="2023-05-19T16:28:55+08:00" level=info client_ip="::1" latency_time=1.475ms req_method=GET req_uri="/v1/userLogin?name=%E5%90%B4%E6%9D%B0%E8%B6%85&password=123456" status_code=200
{"client_ip":"::1","latency_time":1081000,"level":"info","msg":"","req_method":"GET","req_uri":"/v1/userRegister?name=%E5%90%B4%E6%9D%B0%E8%B6%85\u0026password=123456","status_code":200,"time":"2023-05-19 16:34:23"}
time="2023-05-19T16:34:23+08:00" level=info client_ip="::1" latency_time=1.081ms req_method=GET req_uri="/v1/userRegister?name=%E5%90%B4%E6%9D%B0%E8%B6%85&password=123456" status_code=200
{"client_ip":"::1","latency_time":919900,"level":"info","msg":"","req_method":"GET","req_uri":"/v1/userLogin?name=%E5%90%B4%E6%9D%B0%E8%B6%85\u0026password=123456","status_code":200,"time":"2023-05-19 16:34:49"}
time="2023-05-19T16:34:49+08:00" level=info client_ip="::1" latency_time="919.9µs" req_method=GET req_uri="/v1/userLogin?name=%E5%90%B4%E6%9D%B0%E8%B6%85&password=123456" status_code=200
{"client_ip":"::1","latency_time":482200,"level":"info","msg":"","req_method":"GET","req_uri":"/v1/userLogin?name=%E5%90%B4%E8%B6%85\u0026password=123456","status_code":200,"time":"2023-05-19 16:34:54"}
time="2023-05-19T16:34:54+08:00" level=info client_ip="::1" latency_time="482.2µs" req_method=GET req_uri="/v1/userLogin?name=%E5%90%B4%E8%B6%85&password=123456" status_code=200
{"client_ip":"::1","latency_time":1006400,"level":"info","msg":"","req_method":"GET","req_uri":"/v1/userLogin?name=%E5%90%B4%E6%9D%B0%E8%B6%85\u0026password=123456","status_code":200,"time":"2023-05-19 16:35:02"}
time="2023-05-19T16:35:02+08:00" level=info client_ip="::1" latency_time=1.0064ms req_method=GET req_uri="/v1/userLogin?name=%E5%90%B4%E6%9D%B0%E8%B6%85&password=123456" status_code=200
{"client_ip":"::1","latency_time":1516000,"level":"info","msg":"","req_method":"GET","req_uri":"/v1/userLogin?name=%E5%90%B4%E6%9D%B0%E8%B6%85\u0026password=123456","status_code":200,"time":"2023-05-19 17:18:23"}
time="2023-05-19T17:18:23+08:00" level=info client_ip="::1" latency_time=1.516ms req_method=GET req_uri="/v1/userLogin?name=%E5%90%B4%E6%9D%B0%E8%B6%85&password=123456" status_code=200
{"client_ip":"::1","latency_time":59112916,"level":"info","msg":"","req_method":"GET","req_uri":"/v1/userRegister","status_code":200,"time":"2023-05-19 22:42:25"}
time="2023-05-19T22:42:25+08:00" level=info client_ip="::1" latency_time=59.112916ms req_method=GET req_uri=/v1/userRegister status_code=200
{"client_ip":"::1","latency_time":2407750,"level":"info","msg":"","req_method":"GET","req_uri":"/v1/userLogin?name=wxb\u0026password=123456","status_code":200,"time":"2023-05-19 22:45:36"}
time="2023-05-19T22:45:36+08:00" level=info client_ip="::1" latency_time=2.40775ms req_method=GET req_uri="/v1/userLogin?name=wxb&password=123456" status_code=200
{"client_ip":"::1","latency_time":1301541,"level":"info","msg":"","req_method":"GET","req_uri":"/v1/userRegister?name=wxb\u0026password=123456","status_code":200,"time":"2023-05-19 22:46:54"}
time="2023-05-19T22:46:54+08:00" level=info client_ip="::1" latency_time=1.301541ms req_method=GET req_uri="/v1/userRegister?name=wxb&password=123456" status_code=200
{"client_ip":"::1","latency_time":1590375,"level":"info","msg":"","req_method":"GET","req_uri":"/v1/userLogin?name=wxb\u0026password=123456","status_code":200,"time":"2023-05-19 22:47:11"}
time="2023-05-19T22:47:11+08:00" level=info client_ip="::1" latency_time=1.590375ms req_method=GET req_uri="/v1/userLogin?name=wxb&password=123456" status_code=200
{"client_ip":"::1","latency_time":1585750,"level":"info","msg":"","req_method":"GET","req_uri":"/v1/userLogin?name=wxb\u0026password=123456","status_code":200,"time":"2023-05-19 22:47:24"}
time="2023-05-19T22:47:24+08:00" level=info client_ip="::1" latency_time=1.58575ms req_method=GET req_uri="/v1/userLogin?name=wxb&password=123456" status_code=200
time="2023-05-21T16:40:16+08:00" level=info client_ip="::1" latency_time=2.28675ms req_method=GET req_uri="/v1/userLogin?name=wxb&password=123456" status_code=200
